[debug] [2017-11-17T08:11:48.969Z] ----------------------------------------------------------------------
[debug] [2017-11-17T08:11:48.972Z] Command:       C:\Program Files\nodejs\node.exe C:\Users\User\AppData\Roaming\npm\node_modules\firebase-tools\bin\firebase serve -p 8085
[debug] [2017-11-17T08:11:48.973Z] CLI Version:   3.15.2
[debug] [2017-11-17T08:11:48.973Z] Platform:      win32
[debug] [2017-11-17T08:11:48.973Z] Node Version:  v6.11.3
[debug] [2017-11-17T08:11:48.974Z] Time:          Fri Nov 17 2017 15:11:48 GMT+0700 (SE Asia Standard Time)
[debug] [2017-11-17T08:11:48.974Z] ----------------------------------------------------------------------
[debug] 
[debug] [2017-11-17T08:11:48.989Z] > command requires scopes: ["email","openid","https://www.googleapis.com/auth/cloudplatformprojects.readonly","https://www.googleapis.com/auth/firebase","https://www.googleapis.com/auth/cloud-platform"]
[debug] [2017-11-17T08:11:48.990Z] > authorizing via signed-in user
[debug] [2017-11-17T08:11:48.993Z] >>> HTTP REQUEST GET https://admin.firebase.com/v1/projects/wbdojek  
 Fri Nov 17 2017 15:11:48 GMT+0700 (SE Asia Standard Time)
[debug] [2017-11-17T08:12:01.883Z] <<< HTTP RESPONSE 200
[debug] [2017-11-17T08:12:01.887Z] >>> HTTP REQUEST GET https://admin.firebase.com/v1/database/wbdojek/tokens  
 Fri Nov 17 2017 15:12:01 GMT+0700 (SE Asia Standard Time)
[debug] [2017-11-17T08:12:02.983Z] <<< HTTP RESPONSE 200
[info] 
[info] === Serving from 'D:\GitHub\TugasBesar3_2017\Client\WebContent'...
[info] 
[debug] [2017-11-17T08:12:02.996Z] >>> HTTP REQUEST GET https://cloudresourcemanager.googleapis.com/v1/projects/wbdojek  
 Fri Nov 17 2017 15:12:02 GMT+0700 (SE Asia Standard Time)
[debug] [2017-11-17T08:12:04.676Z] <<< HTTP RESPONSE 200
[debug] [2017-11-17T08:12:04.678Z] >>> HTTP REQUEST GET https://mobilesdk-pa.googleapis.com/v1/projects/1084102565082/clients/_:getWebAppConfig  
 Fri Nov 17 2017 15:12:04 GMT+0700 (SE Asia Standard Time)
[debug] [2017-11-17T08:12:06.627Z] <<< HTTP RESPONSE 200
[warn] !  hosting: Port 8085 is not available. Trying another port...
[debug] [2017-11-17T08:12:06.657Z] >>> HTTP REQUEST GET https://cloudresourcemanager.googleapis.com/v1/projects/wbdojek  
 Fri Nov 17 2017 15:12:06 GMT+0700 (SE Asia Standard Time)
[debug] [2017-11-17T08:12:08.272Z] <<< HTTP RESPONSE 200
[debug] [2017-11-17T08:12:08.274Z] >>> HTTP REQUEST GET https://mobilesdk-pa.googleapis.com/v1/projects/1084102565082/clients/_:getWebAppConfig  
 Fri Nov 17 2017 15:12:08 GMT+0700 (SE Asia Standard Time)
[debug] [2017-11-17T08:12:09.258Z] <<< HTTP RESPONSE 200
[info] i  hosting: Serving hosting files from: ./
[info] +  hosting: Local server: http://localhost:8089

[debug] [2017-11-17T14:46:55.738Z] ----------------------------------------------------------------------
[debug] [2017-11-17T14:46:55.762Z] Command:       C:\Program Files\nodejs\node.exe C:\Users\User\AppData\Roaming\npm\node_modules\firebase-tools\bin\firebase serve -p 8085
[debug] [2017-11-17T14:46:55.763Z] CLI Version:   3.15.2
[debug] [2017-11-17T14:46:55.763Z] Platform:      win32
[debug] [2017-11-17T14:46:55.763Z] Node Version:  v6.11.3
[debug] [2017-11-17T14:46:55.782Z] Time:          Fri Nov 17 2017 21:46:55 GMT+0700 (SE Asia Standard Time)
[debug] [2017-11-17T14:46:55.782Z] ----------------------------------------------------------------------
[debug] 
[debug] [2017-11-17T14:46:55.922Z] > command requires scopes: ["email","openid","https://www.googleapis.com/auth/cloudplatformprojects.readonly","https://www.googleapis.com/auth/firebase","https://www.googleapis.com/auth/cloud-platform"]
[debug] [2017-11-17T14:46:55.923Z] > authorizing via signed-in user
[debug] [2017-11-17T14:46:55.930Z] > refreshing access token with scopes: ["email","https://www.googleapis.com/auth/cloud-platform","https://www.googleapis.com/auth/cloudplatformprojects.readonly","https://www.googleapis.com/auth/firebase","openid"]
[debug] [2017-11-17T14:46:55.931Z] >>> HTTP REQUEST POST https://www.googleapis.com/oauth2/v3/token { refresh_token: '1/NMotIkeTFsCi7PWAY3glzvYmrul9BeSSsBUOkA2GV5Q',
  client_id: '563584335869-fgrhgmd47bqnekij5i8b5pr03ho849e6.apps.googleusercontent.com',
  client_secret: 'j9iVZfS8kkCEFUPaAeJV0sAi',
  grant_type: 'refresh_token',
  scope: 'email https://www.googleapis.com/auth/cloud-platform https://www.googleapis.com/auth/cloudplatformprojects.readonly https://www.googleapis.com/auth/firebase openid' } 
 Fri Nov 17 2017 21:46:55 GMT+0700 (SE Asia Standard Time)
[debug] [2017-11-17T14:46:56.601Z] <<< HTTP RESPONSE 200
[debug] [2017-11-17T14:46:56.632Z] >>> HTTP REQUEST GET https://admin.firebase.com/v1/projects/wbdojek  
 Fri Nov 17 2017 21:46:56 GMT+0700 (SE Asia Standard Time)
[debug] [2017-11-17T14:46:57.900Z] <<< HTTP RESPONSE 200
[debug] [2017-11-17T14:46:57.903Z] >>> HTTP REQUEST GET https://admin.firebase.com/v1/database/wbdojek/tokens  
 Fri Nov 17 2017 21:46:57 GMT+0700 (SE Asia Standard Time)
[debug] [2017-11-17T14:46:58.796Z] <<< HTTP RESPONSE 200
[info] 
[info] === Serving from 'D:\GitHub\TugasBesar3_2017\Client\WebContent'...
[info] 
[debug] [2017-11-17T14:46:58.803Z] >>> HTTP REQUEST GET https://cloudresourcemanager.googleapis.com/v1/projects/wbdojek  
 Fri Nov 17 2017 21:46:58 GMT+0700 (SE Asia Standard Time)
[debug] [2017-11-17T14:47:00.204Z] <<< HTTP RESPONSE 200
[debug] [2017-11-17T14:47:00.205Z] >>> HTTP REQUEST GET https://mobilesdk-pa.googleapis.com/v1/projects/1084102565082/clients/_:getWebAppConfig  
 Fri Nov 17 2017 21:47:00 GMT+0700 (SE Asia Standard Time)
[debug] [2017-11-17T14:47:01.355Z] <<< HTTP RESPONSE 200
[info] i  hosting: Serving hosting files from: ./
[info] +  hosting: Local server: http://localhost:8085

[debug] [2017-11-18T06:29:33.819Z] ----------------------------------------------------------------------
[debug] [2017-11-18T06:29:33.823Z] Command:       C:\Program Files\nodejs\node.exe C:\Users\asus\AppData\Roaming\npm\node_modules\firebase-tools\bin\firebase serve -p 8085
[debug] [2017-11-18T06:29:33.824Z] CLI Version:   3.15.1
[debug] [2017-11-18T06:29:33.824Z] Platform:      win32
[debug] [2017-11-18T06:29:33.824Z] Node Version:  v8.9.1
[debug] [2017-11-18T06:29:33.824Z] Time:          Sat Nov 18 2017 13:29:33 GMT+0700 (SE Asia Standard Time)
[debug] [2017-11-18T06:29:33.824Z] ----------------------------------------------------------------------
[debug] 
[debug] [2017-11-18T06:29:33.844Z] > command requires scopes: ["email","openid","https://www.googleapis.com/auth/cloudplatformprojects.readonly","https://www.googleapis.com/auth/firebase","https://www.googleapis.com/auth/cloud-platform"]
[debug] [2017-11-18T06:29:33.844Z] > authorizing via signed-in user
[debug] [2017-11-18T06:29:33.848Z] > refreshing access token with scopes: ["email","https://www.googleapis.com/auth/cloud-platform","https://www.googleapis.com/auth/cloudplatformprojects.readonly","https://www.googleapis.com/auth/firebase","openid"]
[debug] [2017-11-18T06:29:33.848Z] >>> HTTP REQUEST POST https://www.googleapis.com/oauth2/v3/token { refresh_token: '1/QWQn8COgDrzV4eNqXjdG9RS1c18bYmKhJwg24DAdd7g',
  client_id: '563584335869-fgrhgmd47bqnekij5i8b5pr03ho849e6.apps.googleusercontent.com',
  client_secret: 'j9iVZfS8kkCEFUPaAeJV0sAi',
  grant_type: 'refresh_token',
  scope: 'email https://www.googleapis.com/auth/cloud-platform https://www.googleapis.com/auth/cloudplatformprojects.readonly https://www.googleapis.com/auth/firebase openid' } 
 Sat Nov 18 2017 13:29:33 GMT+0700 (SE Asia Standard Time)
[debug] [2017-11-18T06:29:34.082Z] <<< HTTP RESPONSE 200
[debug] [2017-11-18T06:29:34.926Z] >>> HTTP REQUEST GET https://admin.firebase.com/v1/projects/wbdojek  
 Sat Nov 18 2017 13:29:34 GMT+0700 (SE Asia Standard Time)
[debug] [2017-11-18T06:29:35.949Z] <<< HTTP RESPONSE 200
[debug] [2017-11-18T06:29:35.952Z] >>> HTTP REQUEST GET https://admin.firebase.com/v1/database/wbdojek/tokens  
 Sat Nov 18 2017 13:29:35 GMT+0700 (SE Asia Standard Time)
[debug] [2017-11-18T06:29:36.999Z] <<< HTTP RESPONSE 200
[info] 
[info] === Serving from 'D:\EclipseApps\Client\WebContent'...
[info] 
[debug] [2017-11-18T06:29:37.009Z] >>> HTTP REQUEST GET https://cloudresourcemanager.googleapis.com/v1/projects/wbdojek  
 Sat Nov 18 2017 13:29:37 GMT+0700 (SE Asia Standard Time)
[debug] [2017-11-18T06:29:38.284Z] <<< HTTP RESPONSE 200
[debug] [2017-11-18T06:29:38.285Z] >>> HTTP REQUEST GET https://mobilesdk-pa.googleapis.com/v1/projects/1084102565082/clients/_:getWebAppConfig  
 Sat Nov 18 2017 13:29:38 GMT+0700 (SE Asia Standard Time)
[debug] [2017-11-18T06:29:39.073Z] <<< HTTP RESPONSE 200
[info] i  hosting: Serving hosting files from: ./
[info] +  hosting: Local server: http://localhost:8085

